ARM GAS  /var/folders/ww/rl_brt8s5pq2m4_0c4ltm8d00000gn/T//ccxnOPEo.s 			page 1


   1              		.cpu cortex-m0
   2              		.eabi_attribute 20, 1
   3              		.eabi_attribute 21, 1
   4              		.eabi_attribute 23, 3
   5              		.eabi_attribute 24, 1
   6              		.eabi_attribute 25, 1
   7              		.eabi_attribute 26, 1
   8              		.eabi_attribute 30, 1
   9              		.eabi_attribute 34, 0
  10              		.eabi_attribute 18, 4
  11              		.file	"main.c"
  12              		.text
  13              	.Ltext0:
  14              		.cfi_sections	.debug_frame
  15              		.section	.text.main,"ax",%progbits
  16              		.align	1
  17              		.global	main
  18              		.arch armv6s-m
  19              		.syntax unified
  20              		.code	16
  21              		.thumb_func
  22              		.fpu softvfp
  24              	main:
  25              	.LFB36:
  26              		.file 1 "Src/main.c"
   1:Src/main.c    **** /**
   2:Src/main.c    ****   ******************************************************************************
   3:Src/main.c    ****   * @file    main.c  
   4:Src/main.c    ****   ******************************************************************************
   5:Src/main.c    ****   */
   6:Src/main.c    **** 
   7:Src/main.c    **** /* Includes ------------------------------------------------------------------*/
   8:Src/main.c    **** #include "main.h"
   9:Src/main.c    **** #include "delay.h"
  10:Src/main.c    **** #include "led.h"
  11:Src/main.c    **** 
  12:Src/main.c    **** 
  13:Src/main.c    ****  
  14:Src/main.c    ****  
  15:Src/main.c    **** /* Private typedef -----------------------------------------------------------*/
  16:Src/main.c    **** /* Private define ------------------------------------------------------------*/
  17:Src/main.c    ****  
  18:Src/main.c    **** 
  19:Src/main.c    **** /* Private macro -------------------------------------------------------------*/
  20:Src/main.c    **** /* Private variables ---------------------------------------------------------*/
  21:Src/main.c    ****  
  22:Src/main.c    **** 
  23:Src/main.c    **** /* Private function prototypes -----------------------------------------------*/
  24:Src/main.c    ****  
  25:Src/main.c    **** /* Private functions ---------------------------------------------------------*/
  26:Src/main.c    **** 
  27:Src/main.c    **** /**
  28:Src/main.c    ****   * @brief  Main program.
  29:Src/main.c    ****   * @param  None
  30:Src/main.c    ****   * @retval None
  31:Src/main.c    ****   */
  32:Src/main.c    **** int main(void)
ARM GAS  /var/folders/ww/rl_brt8s5pq2m4_0c4ltm8d00000gn/T//ccxnOPEo.s 			page 2


  33:Src/main.c    **** {
  27              		.loc 1 33 1 view -0
  28              		.cfi_startproc
  29              		@ Volatile: function does not return.
  30              		@ args = 0, pretend = 0, frame = 0
  31              		@ frame_needed = 0, uses_anonymous_args = 0
  32 0000 10B5     		push	{r4, lr}
  33              	.LCFI0:
  34              		.cfi_def_cfa_offset 8
  35              		.cfi_offset 4, -8
  36              		.cfi_offset 14, -4
  34:Src/main.c    ****   /*!< At this stage the microcontroller clock setting is already configured, 
  35:Src/main.c    ****        this is done through SystemInit() function which is called from startup
  36:Src/main.c    ****        file (startup_stm32f0xx.s) before to branch to application main.
  37:Src/main.c    ****        To reconfigure the default setting of SystemInit() function, refer to
  38:Src/main.c    ****        system_stm32f0xx.c file
  39:Src/main.c    ****      */
  40:Src/main.c    ****   delay_init();
  37              		.loc 1 40 3 view .LVU1
  38 0002 FFF7FEFF 		bl	delay_init
  39              	.LVL0:
  41:Src/main.c    ****   
  42:Src/main.c    ****   Led_Init();
  40              		.loc 1 42 3 view .LVU2
  41 0006 FFF7FEFF 		bl	Led_Init
  42              	.LVL1:
  43              	.L2:
  43:Src/main.c    **** 
  44:Src/main.c    ****  
  45:Src/main.c    ****     
  46:Src/main.c    ****   /* Infinite loop */
  47:Src/main.c    ****   while (1)
  44              		.loc 1 47 3 discriminator 1 view .LVU3
  48:Src/main.c    ****   {
  49:Src/main.c    ****     Led_On();
  45              		.loc 1 49 5 discriminator 1 view .LVU4
  46 000a FFF7FEFF 		bl	Led_On
  47              	.LVL2:
  50:Src/main.c    ****     delay_ms(50);
  48              		.loc 1 50 5 discriminator 1 view .LVU5
  49 000e 3220     		movs	r0, #50
  50 0010 FFF7FEFF 		bl	delay_ms
  51              	.LVL3:
  51:Src/main.c    ****     Led_Off();
  52              		.loc 1 51 5 discriminator 1 view .LVU6
  53 0014 FFF7FEFF 		bl	Led_Off
  54              	.LVL4:
  52:Src/main.c    ****     delay_ms(1000);
  55              		.loc 1 52 5 discriminator 1 view .LVU7
  56 0018 FA20     		movs	r0, #250
  57 001a 8000     		lsls	r0, r0, #2
  58 001c FFF7FEFF 		bl	delay_ms
  59              	.LVL5:
  47:Src/main.c    ****   {
  60              		.loc 1 47 9 discriminator 1 view .LVU8
  61 0020 F3E7     		b	.L2
  62              		.cfi_endproc
ARM GAS  /var/folders/ww/rl_brt8s5pq2m4_0c4ltm8d00000gn/T//ccxnOPEo.s 			page 3


  63              	.LFE36:
  65              		.text
  66              	.Letext0:
  67              		.file 2 "Src/delay.h"
  68              		.file 3 "Src/led.h"
ARM GAS  /var/folders/ww/rl_brt8s5pq2m4_0c4ltm8d00000gn/T//ccxnOPEo.s 			page 4


DEFINED SYMBOLS
                            *ABS*:0000000000000000 main.c
/var/folders/ww/rl_brt8s5pq2m4_0c4ltm8d00000gn/T//ccxnOPEo.s:16     .text.main:0000000000000000 $t
/var/folders/ww/rl_brt8s5pq2m4_0c4ltm8d00000gn/T//ccxnOPEo.s:24     .text.main:0000000000000000 main

UNDEFINED SYMBOLS
delay_init
Led_Init
Led_On
delay_ms
Led_Off
